Flutter crash report; please file at https://github.com/flutter/flutter/issues.

## command

flutter run

## exception

NoSuchMethodError: NoSuchMethodError: The method 'matchAsPrefix' was called on null.
Receiver: null
Tried calling: matchAsPrefix(" - provide an implementation,", 0)

```
#0      Object.noSuchMethod (dart:core-patch/object_patch.dart:50:5)
#1      _StringBase.startsWith (dart:core-patch/string_patch.dart:328:20)
#2      StdoutHandler.handler (package:flutter_tools/src/compile.dart:106:17)
#3      _rootRunUnary (dart:async/zone.dart:1132:38)
#4      _CustomZone.runUnary (dart:async/zone.dart:1029:19)
#5      _CustomZone.runUnaryGuarded (dart:async/zone.dart:931:7)
#6      _BufferingStreamSubscription._sendData (dart:async/stream_impl.dart:336:11)
#7      _BufferingStreamSubscription._add (dart:async/stream_impl.dart:263:7)
#8      _SinkTransformerStreamSubscription._add (dart:async/stream_transformers.dart:68:11)
#9      _EventSinkWrapper.add (dart:async/stream_transformers.dart:15:11)
#10     _StringAdapterSink.add (dart:convert/string_conversion.dart:236:11)
#11     _LineSplitterSink._addLines (dart:convert/line_splitter.dart:150:13)
#12     _LineSplitterSink.addSlice (dart:convert/line_splitter.dart:125:5)
#13     StringConversionSinkMixin.add (dart:convert/string_conversion.dart:163:5)
#14     _SinkTransformerStreamSubscription._handleData (dart:async/stream_transformers.dart:120:24)
#15     _rootRunUnary (dart:async/zone.dart:1132:38)
#16     _CustomZone.runUnary (dart:async/zone.dart:1029:19)
#17     _CustomZone.runUnaryGuarded (dart:async/zone.dart:931:7)
#18     _BufferingStreamSubscription._sendData (dart:async/stream_impl.dart:336:11)
#19     _BufferingStreamSubscription._add (dart:async/stream_impl.dart:263:7)
#20     _SinkTransformerStreamSubscription._add (dart:async/stream_transformers.dart:68:11)
#21     _EventSinkWrapper.add (dart:async/stream_transformers.dart:15:11)
#22     _StringAdapterSink.add (dart:convert/string_conversion.dart:236:11)
#23     _StringAdapterSink.addSlice (dart:convert/string_conversion.dart:241:7)
#24     _Utf8ConversionSink.addSlice (dart:convert/string_conversion.dart:312:20)
#25     _Utf8ConversionSink.add (dart:convert/string_conversion.dart:305:5)
#26     _ConverterStreamEventSink.add (dart:convert/chunked_conversion.dart:72:18)
#27     _SinkTransformerStreamSubscription._handleData (dart:async/stream_transformers.dart:120:24)
#28     _rootRunUnary (dart:async/zone.dart:1132:38)
#29     _CustomZone.runUnary (dart:async/zone.dart:1029:19)
#30     _CustomZone.runUnaryGuarded (dart:async/zone.dart:931:7)
#31     _BufferingStreamSubscription._sendData (dart:async/stream_impl.dart:336:11)
#32     _BufferingStreamSubscription._add (dart:async/stream_impl.dart:263:7)
#33     _SyncStreamController._sendData (dart:async/stream_controller.dart:764:19)
#34     _StreamController._add (dart:async/stream_controller.dart:640:7)
#35     _StreamController.add (dart:async/stream_controller.dart:586:5)
#36     _Socket._onData (dart:io-patch/socket_patch.dart:1786:41)
#37     _rootRunUnary (dart:async/zone.dart:1136:13)
#38     _CustomZone.runUnary (dart:async/zone.dart:1029:19)
#39     _CustomZone.runUnaryGuarded (dart:async/zone.dart:931:7)
#40     _BufferingStreamSubscription._sendData (dart:async/stream_impl.dart:336:11)
#41     _BufferingStreamSubscription._add (dart:async/stream_impl.dart:263:7)
#42     _SyncStreamController._sendData (dart:async/stream_controller.dart:764:19)
#43     _StreamController._add (dart:async/stream_controller.dart:640:7)
#44     _StreamController.add (dart:async/stream_controller.dart:586:5)
#45     new _RawSocket.<anonymous closure> (dart:io-patch/socket_patch.dart:1335:33)
#46     _NativeSocket.issueReadEvent.issue (dart:io-patch/socket_patch.dart:856:14)
#47     _microtaskLoop (dart:async/schedule_microtask.dart:41:21)
#48     _startMicrotaskLoop (dart:async/schedule_microtask.dart:50:5)
#49     _runPendingImmediateCallback (dart:isolate-patch/isolate_patch.dart:116:13)
#50     _RawReceivePortImpl._handleMessage (dart:isolate-patch/isolate_patch.dart:173:5)
```

## flutter doctor

```
[32m[✓][39m Flutter (Channel stable, v1.7.8+hotfix.4, on Microsoft Windows [Version
    10.0.17763.678], locale en-US)
    [32m•[39m Flutter version 1.7.8+hotfix.4 at C:\src\flutter
    [32m•[39m Framework revision 20e59316b8 (7 weeks ago), 2019-07-18 20:04:33 -0700
    [32m•[39m Engine revision fee001c93f
    [32m•[39m Dart version 2.4.0

[32m[✓][39m Android toolchain - develop for Android devices (Android SDK version 29.0.1)
    [32m•[39m Android SDK at C:\Users\atom\AppData\Local\Android\sdk
    [32m•[39m Android NDK location not configured (optional; useful for native profiling
      support)
    [32m•[39m Platform android-29, build-tools 29.0.1
    [32m•[39m Java binary at: C:\Program Files\Android\Android Studio\jre\bin\java
    [32m•[39m Java version OpenJDK Runtime Environment (build 1.8.0_152-release-1343-b01)
    [32m•[39m All Android licenses accepted.

[32m[✓][39m Android Studio (version 3.4)
    [32m•[39m Android Studio at C:\Program Files\Android\Android Studio
    [32m•[39m Flutter plugin version 37.1.1
    [32m•[39m Dart plugin version 183.6270
    [32m•[39m Java version OpenJDK Runtime Environment (build 1.8.0_152-release-1343-b01)

[32m[✓][39m VS Code (version 1.36.1)
    [32m•[39m VS Code at C:\Users\atom\AppData\Local\Programs\Microsoft VS Code
    [32m•[39m Flutter extension version 3.3.0

[32m[✓][39m Connected device (1 available)
    [32m•[39m Android SDK built for x86 • emulator-5554 • android-x86 • Android 8.1.0 (API
      27) (emulator)

[32m•[39m No issues found!
```
][39m Connected device (1 available)
    [32m•[39m Android SDK built for x86 • emulator-5554 • android-x86 • Android 8.1.0 (API
      27) (emulator)

[32m•[39m No issues found!
```
